

***********************************************************************
Fatal OSN connect error 12203, connecting to:
 (DESCRIPTION=(ADDRESS_LIST=(ADDRESS=(PROTOCOL=BEQ)(PROGRAM=oracle80)(ARGV0=oracle80ORCL)(ARGS='(DESCRIPTION=(LOCAL=YES)(ADDRESS=(PROTOCOL=beq)))')))(CONNECT_DATA=(SID=ORCL)(CID=(PROGRAM=DELPHI32.EXE)(HOST=CPAD1729)(USER=cpad1729))))

  VERSION INFORMATION:
	TNS for 32-bit Windows: Version 2.3.4.0.0 - Production
	Oracle Bequeath NT Protocol Adapter for 32-bit Windows: Version 2.3.4.0.0 - Production
  Time: 20-AGO-02 13:25:07
  Tracing not turned on.
  Tns error struct:
    nr err code: 12203
    TNS-12203: TNS:não é possível estabelecer conexão com o destino
    ns main err code: 12560
    TNS-12560: TNS:erro do adaptador de protocolo
    ns secondary err code: 0
    nt main err code: 102
    TNS-00102: Erro de operação da vinculação Palavra-Chave-Valor
    nt secondary err code: 0
    nt OS err code: 0


***********************************************************************
Fatal OSN connect error 12203, connecting to:
 (DESCRIPTION=(ADDRESS_LIST=(ADDRESS=(PROTOCOL=BEQ)(PROGRAM=oracle80)(ARGV0=oracle80ORCL)(ARGS='(DESCRIPTION=(LOCAL=YES)(ADDRESS=(PROTOCOL=beq)))')))(CONNECT_DATA=(SID=ORCL)(CID=(PROGRAM=DELPHI32.EXE)(HOST=MATRIZ191)(USER=cpad1704))))

  VERSION INFORMATION:
	TNS for 32-bit Windows: Version 2.3.4.0.0 - Production
	Oracle Bequeath NT Protocol Adapter for 32-bit Windows: Version 2.3.4.0.0 - Production
  Time: 29-AGO-02 16:08:59
  Tracing not turned on.
  Tns error struct:
    nr err code: 12203
    TNS-12203: TNS:não é possível estabelecer conexão com o destino
    ns main err code: 12560
    TNS-12560: TNS:erro do adaptador de protocolo
    ns secondary err code: 0
    nt main err code: 102
    TNS-00102: Erro de operação da vinculação Palavra-Chave-Valor
    nt secondary err code: 0
    nt OS err code: 0


***********************************************************************
Fatal OSN connect error 12203, connecting to:
 (DESCRIPTION=(ADDRESS_LIST=(ADDRESS=(PROTOCOL=BEQ)(PROGRAM=oracle80)(ARGV0=oracle80ORCL)(ARGS='(DESCRIPTION=(LOCAL=YES)(ADDRESS=(PROTOCOL=beq)))')))(CONNECT_DATA=(SID=ORCL)(CID=(PROGRAM=DELPHI32.EXE)(HOST=CPAD1729)(USER=cpad1729))))

  VERSION INFORMATION:
	TNS for 32-bit Windows: Version 2.3.4.0.0 - Production
	Oracle Bequeath NT Protocol Adapter for 32-bit Windows: Version 2.3.4.0.0 - Production
  Time: 16-SET-02 09:11:48
  Tracing not turned on.
  Tns error struct:
    nr err code: 12203
    TNS-12203: TNS:não é possível estabelecer conexão com o destino
    ns main err code: 12560
    TNS-12560: TNS:erro do adaptador de protocolo
    ns secondary err code: 0
    nt main err code: 102
    TNS-00102: Erro de operação da vinculação Palavra-Chave-Valor
    nt secondary err code: 0
    nt OS err code: 0
